<?xml version="1.0" encoding="UTF-8"?>
<!-- Generated by org.testng.reporters.JUnitReportReporter -->
<testsuite hostname="MSI" failures="0" tests="7" name="com.sakshi.testscript.Login" time="34.092" errors="0" timestamp="2023-01-20T15:29:27 IST" skipped="0">
  <testcase classname="com.sakshi.testscript.Login" name="emptypwdCheck" time="3.248"/>
  <system-out>
    <![CDATA[123456
avbghhjs]]>
  </system-out>
  <testcase classname="com.sakshi.testscript.Login" name="placeHolderCheck" time="4.052"/>
  <system-out/>
  <testcase classname="com.sakshi.testscript.Login" name="ischecked" time="4.068"/>
  <system-out/>
  <testcase classname="com.sakshi.testscript.Login" name="isSorted" time="9.111"/>
  <system-out>
    <![CDATA[Sorted]]>
  </system-out>
  <testcase classname="com.sakshi.testscript.Login" name="emptyUsnCheck" time="3.661"/>
  <system-out/>
  <testcase classname="com.sakshi.testscript.Login" name="isSelected" time="4.541"/>
  <system-out/>
  <testcase classname="com.sakshi.testscript.Login" name="emptyUsnPwdCheck" time="5.411"/>
  <system-out/>
</testsuite> <!-- com.sakshi.testscript.Login -->
